Studio project/Games/hunt_The_Duck/build/outputs/mapping/release/seeds.txt
com.example.hunttheduck.R$anim: int abc_fade_in
com.example.hunttheduck.R$anim: int abc_fade_out
com.example.hunttheduck.R$anim: int abc_grow_fade_in_from_bottom
com.example.hunttheduck.R$anim: int abc_popup_enter
com.example.hunttheduck.R$anim: int abc_popup_exit
com.example.hunttheduck.R$anim: int abc_shrink_fade_out_from_bottom
com.example.hunttheduck.R$anim: int abc_slide_in_bottom
com.example.hunttheduck.R$anim: int abc_slide_in_top
com.example.hunttheduck.R$anim: int abc_slide_out_bottom
com.example.hunttheduck.R$anim: int abc_slide_out_top
com.example.hunttheduck.R$anim: int fadein
com.example.hunttheduck.R$anim: int transition10
com.example.hunttheduck.R$anim: int transition4
com.example.hunttheduck.R$anim: int transition5
com.example.hunttheduck.R$anim: int transition7
com.example.hunttheduck.R$anim: int transition8
com.example.hunttheduck.R$anim: int transition9
com.example.hunttheduck.R$attr: int actionBarDivider
com.example.hunttheduck.R$attr: int actionBarItemBackground
com.example.hunttheduck.R$attr: int actionBarPopupTheme
com.example.hunttheduck.R$attr: int actionBarSize
com.example.hunttheduck.R$attr: int actionBarSplitStyle
com.example.hunttheduck.R$attr: int actionBarStyle
com.example.hunttheduck.R$attr: int actionBarTabBarStyle
com.example.hunttheduck.R$attr: int actionBarTabStyle
com.example.hunttheduck.R$attr: int actionBarTabTextStyle
com.example.hunttheduck.R$attr: int actionBarTheme
com.example.hunttheduck.R$attr: int actionBarWidgetTheme
com.example.hunttheduck.R$attr: int actionButtonStyle
com.example.hunttheduck.R$attr: int actionDropDownStyle
com.example.hunttheduck.R$attr: int actionLayout
com.example.hunttheduck.R$attr: int actionMenuTextAppearance
com.example.hunttheduck.R$attr: int actionMenuTextColor
com.example.hunttheduck.R$attr: int actionModeBackground
com.example.hunttheduck.R$attr: int actionModeCloseButtonStyle
com.example.hunttheduck.R$attr: int actionModeCloseDrawable
com.example.hunttheduck.R$attr: int actionModeCopyDrawable
com.example.hunttheduck.R$attr: int actionModeCutDrawable
com.example.hunttheduck.R$attr: int actionModeFindDrawable
com.example.hunttheduck.R$attr: int actionModePasteDrawable
com.example.hunttheduck.R$attr: int actionModePopupWindowStyle
com.example.hunttheduck.R$attr: int actionModeSelectAllDrawable
com.example.hunttheduck.R$attr: int actionModeShareDrawable
com.example.hunttheduck.R$bool: int abc_action_bar_embed_tabs
com.example.hunttheduck.R$bool: int abc_allow_stacked_button_bar
com.example.hunttheduck.R$bool: int abc_config_actionMenuItemAllCaps
com.example.hunttheduck.R$bool: int abc_config_closeDialogWhenTouchOutside
com.example.hunttheduck.R$bool: int abc_config_showMenuShortcutsWhenKeyboardPresent
...
android.support.v7.widget.DropDownListView: void setListSelectionHidden(boolean)
android.support.v7.widget.FitWindowsFrameLayout
android.support.v7.widget.FitWindowsFrameLayout: FitWindowsFrameLayout(android.content.Context)
android.support.v7.widget.FitWindowsFrameLayout: FitWindowsFrameLayout(android.content.Context,android.util.AttributeSet)
android.support.v7.widget.FitWindowsFrameLayout: void setOnFitSystemWindowsListener(android.support.v7.widget.FitWindowsViewGroup$OnFitSystemWindowsListener)
android.support.v7.widget.FitWindowsLinearLayout
android.support.v7.widget.FitWindowsLinearLayout: FitWindowsLinearLayout(android.content.Context)
android.support.v7.widget.FitWindowsLinearLayout: FitWindowsLinearLayout(android.content.Context,android.util.AttributeSet)
android.support.v7.widget.FitWindowsLinearLayout: void setOnFitSystemWindowsListener(android.support.v7.widget.FitWindowsViewGroup$OnFitSystemWindowsListener)
android.support.v7.widget.LinearLayoutCompat: LinearLayoutCompat(android.content.Context)
android.support.v7.widget.LinearLayoutCompat: LinearLayoutCompat(android.content.Context,android.util.AttributeSet)
android.support.v7.widget.LinearLayoutCompat: LinearLayoutCompat(android.content.Context,android.util.AttributeSet,int)
android.support.v7.widget.LinearLayoutCompat: void setShowDividers(int)
android.support.v7.widget.LinearLayoutCompat: int getShowDividers()
android.support.v7.widget.LinearLayoutCompat: android.graphics.drawable.Drawable getDividerDrawable()
android.support.v7.widget.LinearLayoutCompat: void setDividerDrawable(android.graphics.drawable.Drawable)
android.support.v7.widget.LinearLayoutCompat: void setDividerPadding(int)
android.support.v7.widget.LinearLayoutCompat: int getDividerPadding()
android.support.v7.widget.LinearLayoutCompat: int getDividerWidth()
android.support.v7.widget.LinearLayoutCompat: void setBaselineAligned(boolean)
android.support.v7.widget.LinearLayoutCompat: void setMeasureWithLargestChildEnabled(boolean)
android.support.v7.widget.LinearLayoutCompat: int getBaseline()
android.support.v7.widget.LinearLayoutCompat: int getBaselineAlignedChildIndex()
android.support.v7.widget.LinearLayoutCompat: void setBaselineAlignedChildIndex(int)
android.support.v7.widget.LinearLayoutCompat: int getVirtualChildCount()
android.support.v7.widget.LinearLayoutCompat: float getWeightSum()
android.support.v7.widget.LinearLayoutCompat: void setWeightSum(float)
android.support.v7.widget.ListViewCompat: void setSelector(android.graphics.drawable.Drawable)
android.support.v7.widget.ListViewCompat: void setSelectorEnabled(boolean)
android.support.v7.widget.MenuPopupWindow$MenuDropDownListView: void setHoverListener(android.support.v7.widget.MenuItemHoverListener)
android.support.v7.widget.ScrollingTabContainerView: void setAllowCollapse(boolean)
android.support.v7.widget.ScrollingTabContainerView: void setTabSelected(int)
android.support.v7.widget.ScrollingTabContainerView: void setContentHeight(int)