Studio project/Games/hunt_The_Duck/build/outputs/mapping/release/mapping.txt
com.example.hunttheduck.S0 -> com.example.hunttheduck.S0:
    void <init>() -> <init>
    void onStateEntry(android.widget.LinearLayout,android.content.Intent,android.content.Context,xware.engine_lib.sound.HeadPhone) -> onStateEntry
    android.content.Intent loopBack(android.content.Context,android.content.Intent,xware.engine_lib.sound.HeadPhone) -> loopBack
    void onStateExit(android.content.Context,android.content.Intent,xware.engine_lib.sound.HeadPhone) -> onStateExit
com.example.hunttheduck.S1 -> com.example.hunttheduck.S1:
    xware.engine_lib.sound.HeadPhone Hc -> Hc
    long startTime -> startTime
    java.util.Timer timer -> timer
    android.widget.TextView showTime -> showTime
    android.widget.LinearLayout layout -> layout
    android.graphics.drawable.shapes.OvalShape timeoOv -> timeoOv
    android.graphics.drawable.ShapeDrawable timeBg -> timeBg
    int time -> time
    android.content.Context context -> context
    void <init>() -> <init>
    void onStateEntry(android.widget.LinearLayout,android.content.Intent,android.content.Context,xware.engine_lib.sound.HeadPhone) -> onStateEntry
    android.content.Intent loopBack(android.content.Context,android.content.Intent,xware.engine_lib.sound.HeadPhone) -> loopBack
    void onStateExit(android.content.Context,android.content.Intent,xware.engine_lib.sound.HeadPhone) -> onStateExit
    void <clinit>() -> <clinit>
com.example.hunttheduck.S1$RemindTask -> com.example.hunttheduck.a:
    android.content.Intent I -> a
    xware.engine_lib.sound.HeadPhone H -> b
    com.example.hunttheduck.S1 this$0 -> c
    void <init>(com.example.hunttheduck.S1,android.content.Intent,xware.engine_lib.sound.HeadPhone) -> <init>
    void run() -> run
com.example.hunttheduck.S1$RemindTask$1 -> com.example.hunttheduck.b:
    int val$gameTime -> a
    com.example.hunttheduck.S1$RemindTask this$1 -> b
    void <init>(com.example.hunttheduck.S1$RemindTask,int) -> <init>
    void run() -> run
com.example.hunttheduck.S2 -> com.example.hunttheduck.S2:
    void <init>() -> <init>
    void onStateEntry(android.widget.LinearLayout,android.content.Intent,android.content.Context,xware.engine_lib.sound.HeadPhone) -> onStateEntry
    android.content.Intent loopBack(android.content.Context,android.content.Intent,xware.engine_lib.sound.HeadPhone) -> loopBack
    void onStateExit(android.content.Context,android.content.Intent,xware.engine_lib.sound.HeadPhone) -> onStateExit
com.example.hunttheduck.T01B -> com.example.hunttheduck.T01B:
    void <init>() -> <init>
    boolean isConditionActivated(android.content.Intent) -> isConditionActivated
com.example.hunttheduck.T01E -> com.example.hunttheduck.T01E:
    void <init>() -> <init>
    boolean isConditionActivated(android.content.Intent) -> isConditionActivated
com.example.hunttheduck.T01I -> com.example.hunttheduck.T01I:
    void <init>() -> <init>
    boolean isConditionActivated(android.content.Intent) -> isConditionActivated
com.example.hunttheduck.T12 -> com.example.hunttheduck.T12:
    void <init>() -> <init>
    boolean isConditionActivated(android.content.Intent) -> isConditionActivated
...
android.support.v7.widget.ViewUtils -> android.support.v7.widget.df:
    java.lang.reflect.Method sComputeFitSystemWindowsMethod -> a
    boolean isLayoutRtl(android.view.View) -> a
    int combineMeasuredStates(int,int) -> a
    void computeFitSystemWindows(android.view.View,android.graphics.Rect,android.graphics.Rect) -> a
    void <clinit>() -> <clinit>
xware.engine_lib.R -> xware.engine_lib.a:
xware.engine_lib.R$anim -> xware.engine_lib.b:
    int abc_fade_in -> abc_fade_in
    int abc_fade_out -> abc_fade_out
    int abc_grow_fade_in_from_bottom -> abc_grow_fade_in_from_bottom
    int abc_popup_enter -> abc_popup_enter
    int abc_popup_exit -> abc_popup_exit
    int abc_shrink_fade_out_from_bottom -> abc_shrink_fade_out_from_bottom
    int abc_slide_in_bottom -> abc_slide_in_bottom
    int abc_slide_in_top -> abc_slide_in_top
    int abc_slide_out_bottom -> abc_slide_out_bottom
    int abc_slide_out_top -> abc_slide_out_top
    int fadein -> fadein
    int transition10 -> transition10
    int transition4 -> transition4
    int transition5 -> transition5
    int transition7 -> transition7
    int transition8 -> transition8
    int transition9 -> transition9
xware.engine_lib.R$drawable -> xware.engine_lib.c:
    int abc_ab_share_pack_mtrl_alpha -> abc_ab_share_pack_mtrl_alpha
    int abc_action_bar_item_background_material -> abc_action_bar_item_background_material
    int abc_btn_borderless_material -> abc_btn_borderless_material
    int abc_btn_check_material -> abc_btn_check_material
    int abc_btn_check_to_on_mtrl_000 -> abc_btn_check_to_on_mtrl_000
    int abc_btn_check_to_on_mtrl_015 -> abc_btn_check_to_on_mtrl_015
    int abc_btn_colored_material -> abc_btn_colored_material
    int abc_btn_default_mtrl_shape -> abc_btn_default_mtrl_shape
    int abc_btn_radio_material -> abc_btn_radio_material
    int abc_btn_radio_to_on_mtrl_000 -> abc_btn_radio_to_on_mtrl_000
    int abc_btn_radio_to_on_mtrl_015 -> abc_btn_radio_to_on_mtrl_015
    int abc_btn_switch_to_on_mtrl_00001 -> abc_btn_switch_to_on_mtrl_00001
    int abc_btn_switch_to_on_mtrl_00012 -> abc_btn_switch_to_on_mtrl_00012
    int abc_cab_background_internal_bg -> abc_cab_background_internal_bg
    int abc_cab_background_top_material -> abc_cab_background_top_material
    int abc_cab_background_top_mtrl_alpha -> abc_cab_background_top_mtrl_alpha
    int abc_control_background_material -> abc_control_background_material
    int abc_dialog_material_background -> abc_dialog_material_background
    int abc_edit_text_material -> abc_edit_text_material
    int abc_ic_ab_back_material -> abc_ic_ab_back_material