Studio project/Games/hunt_The_Duck/build/outputs/mapping/release/usage.txt
com.example.hunttheduck.BuildConfig
com.example.hunttheduck.R
com.example.hunttheduck.R$anim
com.example.hunttheduck.R$attr
com.example.hunttheduck.R$bool
com.example.hunttheduck.R$color
com.example.hunttheduck.R$dimen
com.example.hunttheduck.R$drawable
com.example.hunttheduck.R$id
com.example.hunttheduck.R$integer
com.example.hunttheduck.R$layout
com.example.hunttheduck.R$menu
com.example.hunttheduck.R$string
com.example.hunttheduck.R$style
com.example.hunttheduck.R$styleable
...
android.support.v4.media.MediaBrowserCompat$ServiceBinderWrapper
android.support.v4.media.MediaBrowserCompat$Subscription
android.support.v4.media.MediaBrowserCompat$SubscriptionCallback
android.support.v4.media.MediaBrowserCompat$SubscriptionCallback$StubApi21
android.support.v4.media.MediaBrowserCompat$SubscriptionCallback$StubApi24
android.support.v4.media.MediaBrowserCompatApi21
android.support.v4.media.MediaBrowserCompatApi21$ConnectionCallback
android.support.v4.media.MediaBrowserCompatApi21$ConnectionCallbackProxy
android.support.v4.media.MediaBrowserCompatApi21$MediaItem
android.support.v4.media.MediaBrowserCompatApi21$SubscriptionCallback
android.support.v4.media.MediaBrowserCompatApi21$SubscriptionCallbackProxy
android.support.v4.media.MediaBrowserCompatApi23
android.support.v4.media.MediaBrowserCompatApi23$ItemCallback
android.support.v4.media.MediaBrowserCompatApi23$ItemCallbackProxy
android.support.v4.media.MediaBrowserCompatApi24
android.support.v4.media.MediaBrowserCompatApi24$SubscriptionCallback
android.support.v4.media.MediaBrowserCompatApi24$SubscriptionCallbackProxy
android.support.v4.media.MediaBrowserCompatUtils
android.support.v4.media.MediaBrowserProtocol
android.support.v4.media.MediaBrowserServiceCompat
android.support.v4.media.MediaBrowserServiceCompat$1
android.support.v4.media.MediaBrowserServiceCompat$2
android.support.v4.media.MediaBrowserServiceCompat$BrowserRoot
android.support.v4.media.MediaBrowserServiceCompat$ConnectionRecord
android.support.v4.media.MediaBrowserServiceCompat$MediaBrowserServiceImpl
android.support.v4.media.MediaBrowserServiceCompat$MediaBrowserServiceImplApi21
android.support.v4.media.MediaBrowserServiceCompat$MediaBrowserServiceImplApi21$1
android.support.v4.media.MediaBrowserServiceCompat$MediaBrowserServiceImplApi21$2
android.support.v4.media.MediaBrowserServiceCompat$MediaBrowserServiceImplApi23
android.support.v4.media.MediaBrowserServiceCompat$MediaBrowserServiceImplApi23$1
android.support.v4.media.MediaBrowserServiceCompat$MediaBrowserServiceImplApi24
android.support.v4.media.MediaBrowserServiceCompat$MediaBrowserServiceImplApi24$1
android.support.v4.media.MediaBrowserServiceCompat$MediaBrowserServiceImplBase
android.support.v4.media.MediaBrowserServiceCompat$MediaBrowserServiceImplBase$1
android.support.v4.media.MediaBrowserServiceCompat$MediaBrowserServiceImplBase$2
android.support.v4.media.MediaBrowserServiceCompat$Result
android.support.v4.media.MediaBrowserServiceCompat$ServiceBinderImpl
android.support.v4.media.MediaBrowserServiceCompat$ServiceBinderImpl$1
android.support.v4.media.MediaBrowserServiceCompat$ServiceBinderImpl$2
android.support.v4.media.MediaBrowserServiceCompat$ServiceBinderImpl$3
android.support.v4.media.MediaBrowserServiceCompat$ServiceBinderImpl$4
android.support.v4.media.MediaBrowserServiceCompat$ServiceBinderImpl$5
android.support.v4.media.MediaBrowserServiceCompat$ServiceBinderImpl$6
android.support.v4.media.MediaBrowserServiceCompat$ServiceBinderImpl$7
android.support.v4.media.MediaBrowserServiceCompat$ServiceCallbacks
android.support.v4.media.MediaBrowserServiceCompat$ServiceCallbacksCompat
android.support.v4.media.MediaBrowserServiceCompat$ServiceHandler
android.support.v4.media.MediaBrowserServiceCompatApi21
android.support.v4.media.MediaBrowserServiceCompatApi21$BrowserRoot
android.support.v4.media.MediaBrowserServiceCompatApi21$MediaBrowserServiceAdaptor
android.support.v4.media.MediaBrowserServiceCompatApi21$ResultWrapper
android.support.v4.media.MediaBrowserServiceCompatApi21$ServiceCompatProxy
android.support.v4.media.MediaBrowserServiceCompatApi23
android.support.v4.media.MediaBrowserServiceCompatApi23$MediaBrowserServiceAdaptor
android.support.v4.media.MediaBrowserServiceCompatApi23$ServiceCompatProxy
android.support.v4.media.MediaBrowserServiceCompatApi24
android.support.v4.media.MediaBrowserServiceCompatApi24$MediaBrowserServiceAdaptor
android.support.v4.media.MediaBrowserServiceCompatApi24$ResultWrapper